<?xml version="1.0" encoding="UTF-8"?>
<robot generator="Robot 6.0.2 (Python 3.11.5 on darwin)" generated="20240912 11:46:31.761" rpa="false" schemaversion="3">
<suite id="s1" name="Test 1" source="/Users/robbydarmawan/Documents/Automation/Robot-Framework-Custom/tests/Test_1.robot">
<test id="s1-t1" name="TC001 - GET DATA TESTING" line="9">
<kw name="GET DATA TEST 1" library="fungsional_1">
<arg>personal information</arg>
<arg>TC001</arg>
<kw name="CALL DATA" library="GetData">
<var>${DATA}</var>
<arg>${DESKRIPSI}</arg>
<arg>${TCID}</arg>
<arg>${SHEET_NAMES}</arg>
<kw name="Log" library="BuiltIn">
<arg>GET DATA FROM : ${SHEET_DATA}</arg>
<doc>Logs the given message with the given level.</doc>
<msg timestamp="20240912 11:46:32.329" level="INFO">GET DATA FROM : Data_1</msg>
<status status="PASS" starttime="20240912 11:46:32.329" endtime="20240912 11:46:32.330"/>
</kw>
<kw name="Get Data By Id From Sheets" library="rby-excel">
<var>${result}</var>
<arg>${excel_file}</arg>
<arg>${DESKRIPSI}</arg>
<arg>${TCID}</arg>
<arg>${SHEET_DATA.split(',')}</arg>
<msg timestamp="20240912 11:46:32.336" level="INFO">${result} = {'TEST ID': 'TC001', 'DESKRIPSI': 'personal information', 'NAME': 'Jhoni', 'AGE': 24, 'ADDRESS': 'Jl Puri Mutiara I 241 Kompl Aduma Niaga,  Dki Jakarta'}</msg>
<status status="PASS" starttime="20240912 11:46:32.330" endtime="20240912 11:46:32.336"/>
</kw>
<if>
<branch type="IF" condition="${result} != None">
<kw name="Log" library="BuiltIn">
<arg>Data Found: ${result}</arg>
<doc>Logs the given message with the given level.</doc>
<msg timestamp="20240912 11:46:32.337" level="INFO">Data Found: {'TEST ID': 'TC001', 'DESKRIPSI': 'personal information', 'NAME': 'Jhoni', 'AGE': 24, 'ADDRESS': 'Jl Puri Mutiara I 241 Kompl Aduma Niaga,  Dki Jakarta'}</msg>
<status status="PASS" starttime="20240912 11:46:32.337" endtime="20240912 11:46:32.337"/>
</kw>
<return>
<value>${result}</value>
<status status="PASS" starttime="20240912 11:46:32.337" endtime="20240912 11:46:32.337"/>
</return>
<status status="PASS" starttime="20240912 11:46:32.336" endtime="20240912 11:46:32.337"/>
</branch>
<branch type="ELSE">
<kw name="Log To Console" library="BuiltIn">
<arg>Data Not Found</arg>
<doc>Logs the given message to the console.</doc>
<status status="NOT RUN" starttime="20240912 11:46:32.337" endtime="20240912 11:46:32.337"/>
</kw>
<return>
<value>Data Not Found</value>
<status status="NOT RUN" starttime="20240912 11:46:32.337" endtime="20240912 11:46:32.337"/>
</return>
<status status="NOT RUN" starttime="20240912 11:46:32.337" endtime="20240912 11:46:32.337"/>
</branch>
<status status="PASS" starttime="20240912 11:46:32.336" endtime="20240912 11:46:32.337"/>
</if>
<msg timestamp="20240912 11:46:32.337" level="INFO">${DATA} = {'TEST ID': 'TC001', 'DESKRIPSI': 'personal information', 'NAME': 'Jhoni', 'AGE': 24, 'ADDRESS': 'Jl Puri Mutiara I 241 Kompl Aduma Niaga,  Dki Jakarta'}</msg>
<status status="PASS" starttime="20240912 11:46:32.328" endtime="20240912 11:46:32.337"/>
</kw>
<kw name="Log" library="BuiltIn">
<arg>${DATA}</arg>
<doc>Logs the given message with the given level.</doc>
<msg timestamp="20240912 11:46:32.338" level="INFO">{'TEST ID': 'TC001', 'DESKRIPSI': 'personal information', 'NAME': 'Jhoni', 'AGE': 24, 'ADDRESS': 'Jl Puri Mutiara I 241 Kompl Aduma Niaga,  Dki Jakarta'}</msg>
<status status="PASS" starttime="20240912 11:46:32.337" endtime="20240912 11:46:32.338"/>
</kw>
<kw name="Set Variable" library="BuiltIn">
<var>${TESTID}</var>
<arg>${DATA['TEST ID']}</arg>
<doc>Returns the given values which can then be assigned to a variables.</doc>
<msg timestamp="20240912 11:46:32.338" level="INFO">${TESTID} = TC001</msg>
<status status="PASS" starttime="20240912 11:46:32.338" endtime="20240912 11:46:32.338"/>
</kw>
<kw name="Set Variable" library="BuiltIn">
<var>${DESKRIPSI}</var>
<arg>${DATA['DESKRIPSI']}</arg>
<doc>Returns the given values which can then be assigned to a variables.</doc>
<msg timestamp="20240912 11:46:32.338" level="INFO">${DESKRIPSI} = personal information</msg>
<status status="PASS" starttime="20240912 11:46:32.338" endtime="20240912 11:46:32.338"/>
</kw>
<kw name="Set Variable" library="BuiltIn">
<var>${NAME}</var>
<arg>${DATA['NAME']}</arg>
<doc>Returns the given values which can then be assigned to a variables.</doc>
<msg timestamp="20240912 11:46:32.338" level="INFO">${NAME} = Jhoni</msg>
<status status="PASS" starttime="20240912 11:46:32.338" endtime="20240912 11:46:32.339"/>
</kw>
<kw name="Set Variable" library="BuiltIn">
<var>${AGE}</var>
<arg>${DATA['AGE']}</arg>
<doc>Returns the given values which can then be assigned to a variables.</doc>
<msg timestamp="20240912 11:46:32.339" level="INFO">${AGE} = 24</msg>
<status status="PASS" starttime="20240912 11:46:32.339" endtime="20240912 11:46:32.339"/>
</kw>
<kw name="Set Variable" library="BuiltIn">
<var>${ADDRESS}</var>
<arg>${DATA['ADDRESS']}</arg>
<doc>Returns the given values which can then be assigned to a variables.</doc>
<msg timestamp="20240912 11:46:32.339" level="INFO">${ADDRESS} = Jl Puri Mutiara I 241 Kompl Aduma Niaga,  Dki Jakarta</msg>
<status status="PASS" starttime="20240912 11:46:32.339" endtime="20240912 11:46:32.339"/>
</kw>
<status status="PASS" starttime="20240912 11:46:32.328" endtime="20240912 11:46:32.339"/>
</kw>
<status status="PASS" starttime="20240912 11:46:32.328" endtime="20240912 11:46:32.339"/>
</test>
<status status="PASS" starttime="20240912 11:46:31.763" endtime="20240912 11:46:32.340"/>
</suite>
<statistics>
<total>
<stat pass="1" fail="0" skip="0">All Tests</stat>
</total>
<tag>
</tag>
<suite>
<stat pass="1" fail="0" skip="0" id="s1" name="Test 1">Test 1</stat>
</suite>
</statistics>
<errors>
</errors>
</robot>
